<?xml version="1.0" ?>
<coverage version="7.15.0" timestamp="1783512740405" lines-valid="22" lines-covered="21" line-rate="0.9545" branches-valid="0" branches-covered="0" branch-rate="1" complexity="0">
	<!-- Generated by coverage.py: https://coverage.readthedocs.io/en/7.15.0 -->
	<!-- Based on https://raw.githubusercontent.com/cobertura/web/master/htdocs/xml/coverage-04.dtd -->
	<sources>
		<source>C:\Users\trape\OneDrive\Desktop\textery\backend\adapters\rest\src</source>
	</sources>
	<packages>
		<package name="dto.generation" line-rate="1" branch-rate="1" complexity="0">
			<classes>
				<class name="generation_request_dto.py" filename="dto/generation/generation_request_dto.py" complexity="0" line-rate="1" branch-rate="1">
					<methods/>
					<lines>
						<line number="1" hits="1"/>
						<line number="3" hits="1"/>
						<line number="6" hits="1"/>
						<line number="7" hits="1"/>
						<line number="8" hits="1"/>
						<line number="9" hits="1"/>
						<line number="10" hits="1"/>
						<line number="11" hits="1"/>
					</lines>
				</class>
			</classes>
		</package>
		<package name="error_handling" line-rate="1" branch-rate="1" complexity="0">
			<classes>
				<class name="exception_handlers.py" filename="error_handling/exception_handlers.py" complexity="0" line-rate="1" branch-rate="1">
					<methods/>
					<lines>
						<line number="1" hits="1"/>
						<line number="2" hits="1"/>
						<line number="4" hits="1"/>
						<line number="7" hits="1"/>
						<line number="8" hits="1"/>
					</lines>
				</class>
			</classes>
		</package>
		<package name="router.generation" line-rate="0.8889" branch-rate="1" complexity="0">
			<classes>
				<class name="generation_router.py" filename="router/generation/generation_router.py" complexity="0" line-rate="0.8889" branch-rate="1">
					<methods/>
					<lines>
						<line number="1" hits="1"/>
						<line number="3" hits="1"/>
						<line number="4" hits="1"/>
						<line number="6" hits="1"/>
						<line number="9" hits="1"/>
						<line number="10" hits="0"/>
						<line number="13" hits="1"/>
						<line number="14" hits="1"/>
						<line number="19" hits="1"/>
					</lines>
				</class>
			</classes>
		</package>
	</packages>
</coverage>
